<?xml version="1.0" encoding="UTF-8"?>
<testsuite name="demolition.BombTest" tests="1" skipped="0" failures="0" errors="0" timestamp="2021-11-04T11:44:07" hostname="XU" time="0.002">
  <properties/>
  <testcase name="bombtest()" classname="demolition.BombTest" time="0.002"/>
  <system-out><![CDATA[]]></system-out>
  <system-err><![CDATA[]]></system-err>
</testsuite>
