<?xml version="1.0" encoding="UTF-8"?>
<testsuite name="demolition.PlayerTest" tests="1" skipped="0" failures="0" errors="0" timestamp="2021-11-04T11:44:08" hostname="XU" time="0.001">
  <properties/>
  <testcase name="playertest()" classname="demolition.PlayerTest" time="0.001"/>
  <system-out><![CDATA[]]></system-out>
  <system-err><![CDATA[]]></system-err>
</testsuite>
