<?xml version="1.0" encoding="UTF-8"?>
<testsuite name="demolition.AppTest" tests="1" skipped="0" failures="0" errors="0" timestamp="2021-11-04T11:44:05" hostname="XU" time="1.756">
  <properties/>
  <testcase name="basicTest()" classname="demolition.AppTest" time="1.756"/>
  <system-out><![CDATA[]]></system-out>
  <system-err><![CDATA[]]></system-err>
</testsuite>
