<?xml version="1.0" encoding="UTF-8"?>
<testsuite name="demolition.EnemiesTest" tests="1" skipped="0" failures="0" errors="0" timestamp="2021-11-04T11:44:07" hostname="XU" time="0.006">
  <properties/>
  <testcase name="enemytest()" classname="demolition.EnemiesTest" time="0.006"/>
  <system-out><![CDATA[]]></system-out>
  <system-err><![CDATA[]]></system-err>
</testsuite>
